TMS320C3x/4x COFF AssemblerVersion 5.12     Tue Mar 02 13:04:09 2021
Copyright (c) 1987-1999 Texas Instruments Incorporatedasm30.exe -@_69K.AAB 

G:\workspace\EEA\V615\APP\SOURCE\ASM\etc.asm                         PAGE    1

        1                   ;******************************************************************************
        2                   ;* TMS320C3x/4x ANSI C Code Generator                            Version 5.11 *
        3                   ;* Date/Time created: Tue Mar  2 13:04:09 2021                                *
        4                   ;******************************************************************************
        5                           .regalias       ; enable floating point register aliases
        6          0000000b fp      .set    ar3
        7          0000000b FP      .set    ar3
        8                   ;******************************************************************************
        9                   ;* GLOBAL FILE PARAMETERS                                                     *
       10                   ;*                                                                            *
       11                   ;*   Optimization       : Always Choose Smaller Code Size                     *
       12                   ;*   Memory             : Big Memory Model                                    *
       13                   ;*   Float-to-Int       : Normal Conversions (round toward zero)              *
       14                   ;*   Multiply           : in Software (32 bits)                               *
       15                   ;*   Memory Info        : Unmapped Memory Exists                              *
       16                   ;*   Repeat Loops       : Use RPTS and/or RPTB                                *
       17                   ;*   Calls              : Normal Library ASM calls                            *
       18                   ;*   Debug Info         : Standard TI Debug Information                       *
       19                   ;******************************************************************************
       20                   ;       C:\tic3x4x\c3x4x\cgtools\bin\ac30.exe -@_69K.AAA 
       21                           .file   "etc.c"
       22                           .file   "G:\workspace\EEA\V615\APP\SOURCE\INCLUDE\GLBLS.H"
       23                           .file   "G:\workspace\EEA\V615\INCLUDE\stdarg.h"
       24                           .sym    _va_list,0,18,13,32
       25                           .file   "G:\workspace\EEA\V615\INCLUDE\format.h"
       26                           .stag   .fake0,128
       27                           .member _flags,0,14,8,32
       28                           .member _fwidth,32,4,8,32
       29                           .member _precision,64,4,8,32
       30                           .member _conv,96,2,8,32
       31                           .eos
       32                           .sym    __PFIELD,0,8,13,128,.fake0
       33                           .stag   .fake1,3200
       34                           .member _flags,0,14,8,32
       35                           .member _fwidth,32,4,8,32
       36                           .member _precision,64,4,8,32
       37                           .member _scanset,96,50,8,3072,,96
       38                           .member _conv,3168,2,8,32
       39                           .eos
       40                           .sym    __SFIELD,0,8,13,3200,.fake1
       41                           .file   "G:\workspace\EEA\V615\INCLUDE\string.h"
       42                           .sym    _size_t,0,14,13,32
       43                           .file   "G:\workspace\EEA\V615\INCLUDE\stdio.h"
       44                           .stag   .fake2,224
       45                           .member _fd,0,4,8,32
       46                           .member _buf,32,28,8,32
       47                           .member _pos,64,28,8,32
       48                           .member _bufend,96,28,8,32
       49                           .member _buff_stop,128,28,8,32
       50                           .member _flags,160,14,8,32
       51                           .member _index,192,4,8,32
       52                           .eos
       53                           .sym    _FILE,0,8,13,224,.fake2
       54                           .sym    _fpos_t,0,5,13,32
TMS320C3x/4x COFF AssemblerVersion 5.12     Tue Mar 02 13:04:09 2021
Copyright (c) 1987-1999 Texas Instruments Incorporatedasm30.exe -@_69K.AAB 

G:\workspace\EEA\V615\APP\SOURCE\ASM\etc.asm                         PAGE    2

       55                           .stag   .fake3,544
       56                           .member _name,0,50,8,288,,9
       57                           .member _flags,288,13,8,32
       58                           .member _OPEN,320,148,8,32
       59                           .member _CLOSE,352,148,8,32
       60                           .member _READ,384,148,8,32
       61                           .member _WRITE,416,148,8,32
       62                           .member _LSEEK,448,149,8,32
       63                           .member _UNLINK,480,148,8,32
       64                           .member _RENAME,512,148,8,32
       65                           .eos
       66                           .sym    __DEVICE,0,8,13,544,.fake3
       67                           .file   "G:\workspace\EEA\V615\INCLUDE\stdlib.h"
       68                           .sym    _wchar_t,0,2,13,32
       69                           .stag   __div_t,64
       70                           .member _quot,0,4,8,32
       71                           .member _rem,32,4,8,32
       72                           .eos
       73                           .sym    _div_t,0,8,13,64,__div_t
       74                           .sym    _ldiv_t,0,8,13,64,__div_t
       75                           .file   "G:\workspace\EEA\V615\INCLUDE\math.h"
       76                           .file   "G:\workspace\EEA\V615\INCLUDE\time.h"
       77                           .sym    _clock_t,0,15,13,32
       78                           .sym    _time_t,0,15,13,32
       79                           .stag   _tm,288
       80                           .member _tm_sec,0,4,8,32
       81                           .member _tm_min,32,4,8,32
       82                           .member _tm_hour,64,4,8,32
       83                           .member _tm_mday,96,4,8,32
       84                           .member _tm_mon,128,4,8,32
       85                           .member _tm_year,160,4,8,32
       86                           .member _tm_wday,192,4,8,32
       87                           .member _tm_yday,224,4,8,32
       88                           .member _tm_isdst,256,4,8,32
       89                           .eos
       90                           .stag   _tmzone,320
       91                           .member _daylight,0,3,8,32
       92                           .member _timezone,32,5,8,32
       93                           .member _tzname,64,50,8,128,,4
       94                           .member _dstname,192,50,8,128,,4
       95                           .eos
       96                           .file   "G:\workspace\EEA\V615\INCLUDE\ETC.H"
       97                           .sym    _BOOL,0,14,13,32
       98                           .file   "G:\workspace\EEA\V615\INCLUDE\LIST.H"
       99                           .stag   .fake4,96
      100                           .member _head,0,20,8,32
      101                           .member _tail,32,20,8,32
      102                           .member _n,64,4,8,32
      103                           .eos
      104                           .sym    _LIST,0,8,13,96,.fake4
      105                           .stag   .fake5,64
      106                           .member _prev,0,20,8,32
      107                           .member _next,32,20,8,32
      108                           .eos
TMS320C3x/4x COFF AssemblerVersion 5.12     Tue Mar 02 13:04:09 2021
Copyright (c) 1987-1999 Texas Instruments Incorporatedasm30.exe -@_69K.AAB 

G:\workspace\EEA\V615\APP\SOURCE\ASM\etc.asm                         PAGE    3

      109                           .sym    _GENERIC,0,8,13,64,.fake5
      110                           .file   "G:\workspace\EEA\V615\APP\SOURCE\INCLUDE\VARIABLE.H"
      111                           .stag   .fake6,1408
      112                           .member _val,0,6,8,32
      113                           .member _vect1,32,20,8,32
      114                           .member _vect2,64,20,8,32
      115                           .member _STAT,96,4,8,32
      116                           .member _dampening,128,6,8,32
      117                           .member _damp_count,160,4,8,32
      118                           .member _aux,192,4,8,32
      119                           .member _val1,224,6,8,32
      120                           .member _val2,256,6,8,32
      121                           .member _calc_val,288,11,8,64
      122                           .member _base_val,352,11,8,64
      123                           .member _unit,416,4,8,32
      124                           .member _calc_unit,448,4,8,32
      125                           .member _class,480,4,8,32
      126                           .member _scale,512,6,8,32
      127                           .member _scale_long,544,6,8,32
      128                           .member _bound_hi_set,576,6,8,32
      129                           .member _bound_lo_set,608,6,8,32
      130                           .member _alarm_hi_set,640,6,8,32
      131                           .member _alarm_lo_set,672,6,8,32
      132                           .member _name,704,50,8,672,,21
      133                           .member _name_r,1376,4,8,32
      134                           .eos
      135                           .sym    _VAR,0,8,13,1408,.fake6
      136                           .stag   .fake7,96
      137                           .member _val,0,14,8,32
      138                           .member _vect,32,20,8,32
      139                           .member _vect2,64,20,8,32
      140                           .eos
      141                           .sym    _COIL,0,8,13,96,.fake7
      142                           .stag   .fake8,64
      143                           .member _val,0,4,8,32
      144                           .member _vect,32,20,8,32
      145                           .eos
      146                           .sym    _REGVECT,0,8,13,64,.fake8
      147                           .stag   .fake9,96
      148                           .member _prev,0,20,8,32
      149                           .member _next,32,20,8,32
      150                           .member _v,64,24,8,32,.fake6
      151                           .eos
      152                           .sym    _DPKT,0,8,13,96,.fake9
      153                           .file   "G:\workspace\EEA\V615\APP\SOURCE\INCLUDE\BUFFER.H"
      154                           .stag   .fake10,9824
      155                           .member _head,0,4,8,32
      156                           .member _tail,32,4,8,32
      157                           .member _n,64,4,8,32
      158                           .member _GSEED,96,14,8,32
      159                           .member _CRC16,128,14,8,32
      160                           .member _buff,160,62,8,9600,,300
      161                           .member _sum,9760,4,8,32
      162                           .member _locked,9792,14,8,32
TMS320C3x/4x COFF AssemblerVersion 5.12     Tue Mar 02 13:04:09 2021
Copyright (c) 1987-1999 Texas Instruments Incorporatedasm30.exe -@_69K.AAB 

G:\workspace\EEA\V615\APP\SOURCE\ASM\etc.asm                         PAGE    4

      163                           .eos
      164                           .sym    _BFR,0,8,13,9824,.fake10
      165                           .file   "G:\workspace\EEA\V615\INCLUDE\UNITS.H"
      166                           .file   "G:\workspace\EEA\V615\APP\SOURCE\INCLUDE\TIMER.H"
      167                           .stag   .fake11,320
      168                           .member _prev,0,20,8,32
      169                           .member _next,32,20,8,32
      170                           .member _vect,64,20,8,32
      171                           .member _priority,96,4,8,32
      172                           .member _parent,128,20,8,32
      173                           .member _n,160,4,8,32
      174                           .member _prev_n,192,4,8,32
      175                           .member _countdown,224,4,8,32
      176                           .member _preset_time,256,4,8,32
      177                           .member _t,288,6,8,32
      178                           .eos
      179                           .sym    _TPKT,0,8,13,320,.fake11
      180                           .file   "G:\workspace\EEA\V615\INCLUDE\I2C.H"
      181                           .file   "G:\workspace\EEA\V615\APP\SOURCE\INCLUDE\ERRORS.H"
      182                           .file   "G:\workspace\EEA\V615\APP\SOURCE\INCLUDE\SERIAL.H"
      183                           .stag   .fake12,2272
      184                           .member _Slave,0,4,8,32
      185                           .member _SNUM,32,4,8,32
      186                           .member _PRESENT,64,14,8,32
      187                           .member _TX_complete,96,14,8,32
      188                           .member _RX_pending,128,14,8,32
      189                           .member _BUSY,160,14,8,32
      190                           .member _IGNORE_RX,192,14,8,32
      191                           .member _STAT,224,12,8,32
      192                           .member _DAT,256,12,8,32
      193                           .member _broadcast,288,14,8,32
      194                           .member _TMR_Network_WDOG,320,4,8,32
      195                           .member _TMR_EOT_Delay,352,4,8,32
      196                           .member _TMR_Prefix_Delay,384,4,8,32
      197                           .member _TMR_Suffix_Delay,416,4,8,32
      198                           .member _TMR_Char,448,4,8,32
      199                           .member _TMR_Poll,480,8,8,320,.fake11
      200                           .member _TMR_Retry,800,8,8,320,.fake11
      201                           .member _nr,1120,4,8,32
      202                           .member _Received_PKT,1152,14,8,32
      203                           .member _TMR_enabled,1184,14,8,32
      204                           .member _tvector,1216,20,8,32
      205                           .member _pvector,1248,20,8,32
      206                           .member _pvector_main,1280,20,8,32
      207                           .member _tvector_main,1312,20,8,32
      208                           .member _fvector,1344,20,8,32
      209                           .member _actual_baud_rate,1376,6,8,32
      210                           .member _c,1408,14,8,32
      211                           .member _r,1440,14,8,32
      212                           .member _n,1472,4,8,32
      213                           .member _n_exp,1504,4,8,32
      214                           .member _ai,1536,4,8,32
      215                           .member _start,1568,4,8,32
      216                           .member _i,1600,4,8,32
TMS320C3x/4x COFF AssemblerVersion 5.12     Tue Mar 02 13:04:09 2021
Copyright (c) 1987-1999 Texas Instruments Incorporatedasm30.exe -@_69K.AAB 

G:\workspace\EEA\V615\APP\SOURCE\ASM\etc.asm                         PAGE    5

      217                           .member _i_main,1632,4,8,32
      218                           .member _func,1664,14,8,32
      219                           .member _ERROR_COUNT,1696,14,8,32
      220                           .member _WDOG_COUNT,1728,14,8,32
      221                           .member _INV_CMD_COUNT,1760,14,8,32
      222                           .member _INV_PKT_COUNT,1792,14,8,32
      223                           .member _SUCCESS,1824,14,8,32
      224                           .member _NUM_RETRIES,1856,14,8,32
      225                           .member _FLAG1,1888,14,8,32
      226                           .member _FLAG2,1920,14,8,32
      227                           .member _FLAG3,1952,14,8,32
      228                           .member _LONG_ADDRESS,1984,14,8,32
      229                           .member _MASTER,2016,8,8,96,.fake4
      230                           .member _p,2112,20,8,32
      231                           .member _data,2144,14,8,32
      232                           .member _f,2176,22,8,32
      233                           .member _l,2208,30,8,32
      234                           .member _failed,2240,14,8,32
      235                           .eos
      236                           .sym    _PORTV,0,8,13,2272,.fake12
      237                           .stag   .fake13,11488
      238                           .member _PREFIX,0,8,8,1408,.fake6
      239                           .member _SUFFIX,1408,8,8,1408,.fake6
      240                           .member _NETWDOG,2816,8,8,1408,.fake6
      241                           .member _Slave_ID,4224,8,8,1408,.fake6
      242                           .member _Baud_Rate,5632,8,8,1408,.fake6
      243                           .member _Parity,7040,4,8,32
      244                           .member _n_bits,7072,4,8,32
      245                           .member _STP,7104,4,8,32
      246                           .member _N,7136,4,8,32
      247                           .member _N_retry,7168,4,8,32
      248                           .member _EOT_Delay,7200,8,8,1408,.fake6
      249                           .member _Retry_Time,8608,8,8,1408,.fake6
      250                           .member _Num_Retry,10016,8,8,1408,.fake6
      251                           .member _poll_time,11424,4,8,32
      252                           .member _timeout,11456,4,8,32
      253                           .eos
      254                           .sym    _PORTC,0,8,13,11488,.fake13
      255                           .stag   .fake14,672
      256                           .member _prev,0,20,8,32
      257                           .member _next,32,20,8,32
      258                           .member _rxvect,64,20,8,32
      259                           .member _txvect,96,20,8,32
      260                           .member _n,128,4,8,32
      261                           .member _slave,160,4,8,32
      262                           .member _func,192,4,8,32
      263                           .member _addr,224,4,8,32
      264                           .member _num,256,4,8,32
      265                           .member _v,288,54,8,320,,10
      266                           .member _flt_ptr,608,22,8,32
      267                           .member _int_ptr,640,20,8,32
      268                           .eos
      269                           .sym    _MPKT,0,8,13,672,.fake14
      270                           .file   "G:\workspace\EEA\V615\APP\SOURCE\INCLUDE\ADC.H"
TMS320C3x/4x COFF AssemblerVersion 5.12     Tue Mar 02 13:04:09 2021
Copyright (c) 1987-1999 Texas Instruments Incorporatedasm30.exe -@_69K.AAB 

G:\workspace\EEA\V615\APP\SOURCE\ASM\etc.asm                         PAGE    6

      271                           .stag   .fake15,10176
      272                           .member _CURRENT,0,8,8,1408,.fake6
      273                           .member _CURRENT_PERCENT_OF_RANGE,1408,8,8,1408,.fake6
      274                           .member _LRV,2816,8,8,1408,.fake6
      275                           .member _URV,4224,8,8,1408,.fake6
      276                           .member _TRIM_MIN,5632,8,8,1408,.fake6
      277                           .member _TRIM_MAX,7040,8,8,1408,.fake6
      278                           .member _VALUE,8448,8,8,1408,.fake6
      279                           .member _TRIM_MIN_C,9856,6,8,32
      280                           .member _TRIM_MAX_C,9888,6,8,32
      281                           .member _v,9920,8,8,64,.fake8
      282                           .member _class,9984,8,8,64,.fake8
      283                           .member _unit,10048,8,8,64,.fake8
      284                           .member _present,10112,14,8,32
      285                           .member _val,10144,6,8,32
      286                           .eos
      287                           .sym    _LOOPDATA_I,0,8,13,10176,.fake15
      288                           .file   "G:\workspace\EEA\V615\APP\SOURCE\INCLUDE\DAC.H"
      289                           .stag   .fake16,13408
      290                           .member _CURRENT,0,8,8,1408,.fake6
      291                           .member _CURRENT_PERCENT_OF_RANGE,1408,8,8,1408,.fake6
      292                           .member _LRV,2816,8,8,1408,.fake6
      293                           .member _URV,4224,8,8,1408,.fake6
      294                           .member _TRIM_MIN,5632,8,8,1408,.fake6
      295                           .member _TRIM_MAX,7040,8,8,1408,.fake6
      296                           .member _TRIM_MIN_C,8448,6,8,32
      297                           .member _TRIM_MAX_C,8480,6,8,32
      298                           .member _ALARM_SELECT,8512,4,8,32
      299                           .member _MINSPAN,8544,6,8,32
      300                           .member _v,8576,8,8,64,.fake8
      301                           .member _class,8640,8,8,64,.fake8
      302                           .member _unit,8704,8,8,64,.fake8
      303                           .member _MANUAL,8768,4,8,32
      304                           .member _MANUAL_PERCENT,8800,6,8,32
      305                           .member _REVERSE,8832,4,8,32
      306                           .member _PID_input,8864,6,8,32
      307                           .member _PID_setpoint,8896,6,8,32
      308                           .member _P,8928,8,8,1408,.fake6
      309                           .member _I,10336,8,8,1408,.fake6
      310                           .member _D,11744,8,8,1408,.fake6
      311                           .member _pid_lastcycle,13152,4,8,32
      312                           .member _pid_output,13184,6,8,32
      313                           .member _pid_propband,13216,6,8,32
      314                           .member _pid_error,13248,6,8,32
      315                           .member _pid_bias,13280,6,8,32
      316                           .member _present,13312,14,8,32
      317                           .member _PID_fail,13344,14,8,32
      318                           .member _PID_enable_failsafe,13376,14,8,32
      319                           .eos
      320                           .sym    _LOOPDATA_O,0,8,13,13408,.fake16
      321                           .file   "G:\workspace\EEA\V615\APP\SOURCE\INCLUDE\EXECUTE.H"
      322                           .stag   .fake17,128
      323                           .member _prev,0,20,8,32
      324                           .member _next,32,20,8,32
TMS320C3x/4x COFF AssemblerVersion 5.12     Tue Mar 02 13:04:09 2021
Copyright (c) 1987-1999 Texas Instruments Incorporatedasm30.exe -@_69K.AAB 

G:\workspace\EEA\V615\APP\SOURCE\ASM\etc.asm                         PAGE    7

      325                           .member _vect,64,20,8,32
      326                           .member _priority,96,4,8,32
      327                           .eos
      328                           .sym    _EPKT,0,8,13,128,.fake17
      329                           .file   "G:\workspace\EEA\V615\INCLUDE\FLASH.H"
      330                           .file   "G:\workspace\EEA\V615\APP\SOURCE\INCLUDE\LOG.H"
      331                           .stag   .fake18,384
      332                           .member _log_len,0,14,8,32
      333                           .member _log_n_sectors,32,14,8,32
      334                           .member _log_n_max_per_sector,64,14,8,32
      335                           .member _log_n,96,14,8,32
      336                           .member _log_current_sector,128,14,8,32
      337                           .member _log_absolute_index,160,14,8,32
      338                           .member _log_start,192,30,8,32
      339                           .member _log_sector_size,224,14,8,32
      340                           .member _log_record_size,256,14,8,32
      341                           .member _log_end,288,14,8,32
      342                           .member _LOG_ERASE,320,14,8,32
      343                           .member _erased_sector,352,14,8,32
      344                           .eos
      345                           .sym    _LOG,0,8,13,384,.fake18
      346                           .file   "G:\workspace\EEA\V615\APP\SOURCE\INCLUDE\DEMO.H"
      347                           .file   "G:\workspace\EEA\V615\APP\SOURCE\INCLUDE\SELFTEST.H"
      348                           .file   "G:\workspace\EEA\V615\APP\SOURCE\INCLUDE\MENU.H"
      349                           .stag   .fake19,16288
      350                           .member _INIT,0,14,8,32
      351                           .member _FRESH,32,14,8,32
      352                           .member _MENU,64,14,8,32
      353                           .member _SELECT,96,14,8,32
      354                           .member _VALUE,128,14,8,32
      355                           .member _ENTER,160,14,8,32
      356                           .member _DIR,192,4,8,32
      357                           .member _DIR_CHANGE,224,14,8,32
      358                           .member _M,256,14,8,32
      359                           .member _S,288,14,8,32
      360                           .member _V,320,14,8,32
      361                           .member _E,352,14,8,32
      362                           .member _CURSOR_ENABLED,384,14,8,32
      363                           .member _CURSOR_ROW,416,4,8,32
      364                           .member _CURSOR_COL,448,4,8,32
      365                           .member _CNT,480,14,8,32
      366                           .member _MENU_CNT,512,14,8,32
      367                           .member _SELECT_CNT,544,14,8,32
      368                           .member _VALUE_CNT,576,14,8,32
      369                           .member _k,608,14,8,32
      370                           .member _MODE_LOCKDOWN,640,14,8,32
      371                           .member _MODE_WPROT,672,14,8,32
      372                           .member _MODE_DEFINE,704,14,8,32
      373                           .member _MODE_USER,736,14,8,32
      374                           .member _MODE_TECH,768,14,8,32
      375                           .member _MODE_NORMAL,800,14,8,32
      376                           .member _menu_list_top,832,14,8,32
      377                           .member _menu_list_operations,864,14,8,32
      378                           .member _menu_list_configurations,896,14,8,32
TMS320C3x/4x COFF AssemblerVersion 5.12     Tue Mar 02 13:04:09 2021
Copyright (c) 1987-1999 Texas Instruments Incorporatedasm30.exe -@_69K.AAB 

G:\workspace\EEA\V615\APP\SOURCE\ASM\etc.asm                         PAGE    8

      379                           .member _menu_list_security_info,928,14,8,32
      380                           .member _menu_list_measurements,960,14,8,32
      381                           .member _menu_list_changed,992,14,8,32
      382                           .member _PAGE,1024,14,8,32
      383                           .member _SUBPAGE,1056,14,8,32
      384                           .member _MENU_TRAP,1088,14,8,32
      385                           .member _DIP,1120,62,8,128,,4
      386                           .member _tmpf,1248,54,8,320,,10
      387                           .member _tmpi,1568,52,8,320,,10
      388                           .member _str,1888,242,8,12928,,4,101
      389                           .member _tmpv,14816,8,8,1408,.fake6
      390                           .member _ptmpv,16224,24,8,32,.fake6
      391                           .member _tbl,16256,20,8,32
      392                           .eos
      393                           .sym    _MENU_STRUCT,0,8,13,16288,.fake19
      394                           .file   "G:\workspace\EEA\V615\APP\SOURCE\INCLUDE\FLOAT1.H"
      395                           .file   "G:\workspace\EEA\V615\APP\SOURCE\INCLUDE\GLBLS.H"
      396                           .stag   .fake20,480
      397                           .member _i,0,4,8,32
      398                           .member _Watercut,32,6,8,32
      399                           .member _Temperature,64,6,8,32
      400                           .member _Salinity,96,6,8,32
      401                           .member _Frequency_Oil,128,6,8,32
      402                           .member _Frequency_Water,160,6,8,32
      403                           .member _RefPower_Oil,192,6,8,32
      404                           .member _RefPower_Water,224,6,8,32
      405                           .member _Dadj,256,6,8,32
      406                           .member _Time_HH,288,4,8,32
      407                           .member _Time_MM,320,4,8,32
      408                           .member _Time_MONTH,352,4,8,32
      409                           .member _Time_DAY,384,4,8,32
      410                           .member _Time_DAY_OF_WEEK,416,4,8,32
      411                           .member _Time_YEAR,448,4,8,32
      412                           .eos
      413                           .sym    _CAPDATA,0,8,13,480,.fake20
      414                           .stag   .fake21,640
      415                           .member _Watercut,0,54,8,64,,2
      416                           .member _Temperature,64,54,8,64,,2
      417                           .member _Salinity,128,54,8,64,,2
      418                           .member _Frequency_Oil,192,54,8,64,,2
      419                           .member _Frequency_Water,256,54,8,64,,2
      420                           .member _RefPower_Oil,320,54,8,64,,2
      421                           .member _RefPower_Water,384,54,8,64,,2
      422                           .member _Dadj,448,54,8,64,,2
      423                           .member _Time_MONTH_DAY_HH_MM,512,52,8,64,,2
      424                           .member _CLRSTAT_Time_YEAR,576,52,8,64,,2
      425                           .eos
      426                           .sym    _CAPRECORD,0,8,13,640,.fake21
      427                           .stag   .fake22,800
      428                           .member _Start_HH,0,4,8,32
      429                           .member _Start_MM,32,4,8,32
      430                           .member _Start_SS,64,4,8,32
      431                           .member _Start_MONTH,96,4,8,32
      432                           .member _Start_DAY,128,4,8,32
TMS320C3x/4x COFF AssemblerVersion 5.12     Tue Mar 02 13:04:09 2021
Copyright (c) 1987-1999 Texas Instruments Incorporatedasm30.exe -@_69K.AAB 

G:\workspace\EEA\V615\APP\SOURCE\ASM\etc.asm                         PAGE    9

      433                           .member _Start_YEAR,160,4,8,32
      434                           .member _Stop_HH,192,4,8,32
      435                           .member _Stop_MM,224,4,8,32
      436                           .member _Stop_SS,256,4,8,32
      437                           .member _Stop_MONTH,288,4,8,32
      438                           .member _Stop_DAY,320,4,8,32
      439                           .member _Stop_YEAR,352,4,8,32
      440                           .member _stream,384,6,8,32
      441                           .member _elapsed_s,416,6,8,32
      442                           .member _duration,448,6,8,32
      443                           .member _purge,480,6,8,32
      444                           .member _gross_gas,512,6,8,32
      445                           .member _gross_oil,544,6,8,32
      446                           .member _gross_water,576,6,8,32
      447                           .member _gross_total,608,6,8,32
      448                           .member _gas24,640,6,8,32
      449                           .member _oil24,672,6,8,32
      450                           .member _water24,704,6,8,32
      451                           .member _total24,736,6,8,32
      452                           .member _watercut,768,6,8,32
      453                           .eos
      454                           .sym    _CCMRECORD,0,8,13,800,.fake22
      455                           .stag   .fake23,224
      456                           .member _SNUM,0,4,8,32
      457                           .member _ADDR,32,4,8,32
      458                           .member _BNUM,64,4,8,32
      459                           .member _REV,96,4,8,32
      460                           .member _MONTH,128,4,8,32
      461                           .member _DAY,160,4,8,32
      462                           .member _YEAR,192,4,8,32
      463                           .eos
      464                           .sym    _BOARD,0,8,13,224,.fake23
      465                           .etag   _Pulse_Input_Type,32
      466                           .member _PULSE_GAS_TEMP,1,4,16,32
      467                           .member _PULSE_SALINITY,2,4,16,32
      468                           .member _PULSE_STREAM_SELECT,3,4,16,32
      469                           .member _PULSE_USER_TEMP,4,4,16,32
      470                           .member _PULSE_FC_WC,5,4,16,32
      471                           .member _PULSE_FC_TEMP,6,4,16,32
      472                           .member _PULSE_FC_TOTAL_FLOW,7,4,16,32
      473                           .member _PULSE_FC_PRESSURE,8,4,16,32
      474                           .member _PULSE_FC_DENSITY,9,4,16,32
      475                           .member _PULSE_FC_SALINITY,10,4,16,32
      476                           .member _PULSE_FC_OIL_DENSITY,11,4,16,32
      477                           .member _PULSE_FC_OIL_DENSITY_ST,12,4,16,32
      478                           .member _PULSE_FC_WATER_DENSITY,13,4,16,32
      479                           .member _PULSE_FC_WATER_DENSITY_ST,14,4,16,32
      480                           .member _PULSE_NONE,15,4,16,32
      481                           .eos
      482                           .stag   .fake24,64
      483                           .member _freq,0,6,8,32
      484                           .member _counter,32,4,8,32
      485                           .eos
      486                           .sym    _Boxcar_Var,0,8,13,64,.fake24
TMS320C3x/4x COFF AssemblerVersion 5.12     Tue Mar 02 13:04:09 2021
Copyright (c) 1987-1999 Texas Instruments Incorporatedasm30.exe -@_69K.AAB 

G:\workspace\EEA\V615\APP\SOURCE\ASM\etc.asm                         PAGE   10

      487                           .stag   .fake25,1088
      488                           .member _data,0,54,8,960,,30
      489                           .member _head,960,4,8,32
      490                           .member _tail,992,4,8,32
      491                           .member _length,1024,4,8,32
      492                           .member _average,1056,6,8,32
      493                           .eos
      494                           .sym    _bubble_struct,0,8,13,1088,.fake25
      495                           .stag   .fake26,3008
      496                           .member _data,0,54,8,2880,,90
      497                           .member _head,2880,4,8,32
      498                           .member _tail,2912,4,8,32
      499                           .member _length,2944,4,8,32
      500                           .member _average,2976,6,8,32
      501                           .eos
      502                           .sym    _pattern_struct,0,8,13,3008,.fake26
      503                           .stag   .fake27,320
      504                           .member _MODE,0,4,8,32
      505                           .member _STATUS_MASK,32,4,8,32
      506                           .member _v,64,8,8,64,.fake8
      507                           .member _setpoint,128,6,8,32
      508                           .member _ON,160,8,8,96,.fake7
      509                           .member _class,256,4,8,32
      510                           .member _unit,288,4,8,32
      511                           .eos
      512                           .sym    _RELAYDATA,0,8,13,320,.fake27
      513                           .stag   .fake28,12224
      514                           .member _diag,0,6,8,32
      515                           .member _mfr,32,6,8,32
      516                           .member _u_mfr,64,4,8,32
      517                           .member _density,96,6,8,32
      518                           .member _u_density,128,4,8,32
      519                           .member _density_PDI_corrected,160,6,8,32
      520                           .member _density_corrected,192,6,8,32
      521                           .member _u_density_corrected,224,4,8,32
      522                           .member _T,256,6,8,32
      523                           .member _u_T,288,4,8,32
      524                           .member _vfr,320,6,8,32
      525                           .member _u_vfr,352,4,8,32
      526                           .member _visc,384,6,8,32
      527                           .member _u_visc,416,4,8,32
      528                           .member _press,448,6,8,32
      529                           .member _mass_total,480,6,8,32
      530                           .member _u_m,512,4,8,32
      531                           .member _volume_total,544,6,8,32
      532                           .member _u_v,576,4,8,32
      533                           .member _u_P,608,4,8,32
      534                           .member _P,640,6,8,32
      535                           .member _mass_inv,672,6,8,32
      536                           .member _volume_inv,704,6,8,32
      537                           .member _raw_tube_freq,736,6,8,32
      538                           .member _left_pickup_value,768,6,8,32
      539                           .member _right_pickup_value,800,6,8,32
      540                           .member _drive_gain,832,6,8,32
TMS320C3x/4x COFF AssemblerVersion 5.12     Tue Mar 02 13:04:09 2021
Copyright (c) 1987-1999 Texas Instruments Incorporatedasm30.exe -@_69K.AAB 

G:\workspace\EEA\V615\APP\SOURCE\ASM\etc.asm                         PAGE   11

      541                           .member _damp_flow_rate,864,8,8,1408,.fake6
      542                           .member _damp_density,2272,8,8,1408,.fake6
      543                           .member _mfr_cutoff,3680,8,8,1408,.fake6
      544                           .member _vfr_cutoff,5088,8,8,1408,.fake6
      545                           .member _mcf,6496,8,8,1408,.fake6
      546                           .member _address,7904,8,8,1408,.fake6
      547                           .member _mass_unit,9312,8,8,1408,.fake6
      548                           .member _density_cutoff,10720,8,8,1408,.fake6
      549                           .member _Z,12128,8,8,96,.fake7
      550                           .eos
      551                           .sym    _CORIOLIS,0,8,13,12224,.fake28
      552                           .stag   .fake29,288
      553                           .member _p_delta,0,6,8,32
      554                           .member _p_static,32,6,8,32
      555                           .member _T,64,6,8,32
      556                           .member _diag0,96,6,8,32
      557                           .member _diag1,128,6,8,32
      558                           .member _diag2,160,6,8,32
      559                           .member _u_DP,192,4,8,32
      560                           .member _u_SP,224,4,8,32
      561                           .member _u_PT,256,4,8,32
      562                           .eos
      563                           .sym    _PRESSURE,0,8,13,288,.fake29
      564                           .stag   .fake30,192
      565                           .member _T,0,6,8,32
      566                           .member _etc0,32,6,8,32
      567                           .member _etc1,64,6,8,32
      568                           .member _etc2,96,6,8,32
      569                           .member _etc3,128,6,8,32
      570                           .member _etc4,160,6,8,32
      571                           .eos
      572                           .sym    _TMPT,0,8,13,192,.fake30
      573                           .stag   .fake31,42752
      574                           .member _watercut,0,8,8,1408,.fake6
      575                           .member _T,1408,8,8,1408,.fake6
      576                           .member _pressure,2816,8,8,1408,.fake6
      577                           .member _density,4224,8,8,1408,.fake6
      578                           .member _density_PDI_corrected,5632,6,8,32
      579                           .member _density_adj,5664,6,8,32
      580                           .member _density_oilST,5696,8,8,1408,.fake6
      581                           .member _density_oil,7104,8,8,1408,.fake6
      582                           .member _density_waterST,8512,8,8,1408,.fake6
      583                           .member _density_water,9920,8,8,1408,.fake6
      584                           .member _salinity,11328,8,8,1408,.fake6
      585                           .member _API_TABLE,12736,4,8,32
      586                           .member _a,12768,6,8,32
      587                           .member _Meter_Factor,12800,8,8,1408,.fake6
      588                           .member _Shrinkage,14208,8,8,1408,.fake6
      589                           .member _VCFo,15616,6,8,32
      590                           .member _VCFw,15648,6,8,32
      591                           .member _net_watercut,15680,6,8,32
      592                           .member _net_watercut_mass,15712,6,8,32
      593                           .member _Dadj,15744,6,8,32
      594                           .member _NET_FLOW_OIL,15776,8,8,1408,.fake6
TMS320C3x/4x COFF AssemblerVersion 5.12     Tue Mar 02 13:04:09 2021
Copyright (c) 1987-1999 Texas Instruments Incorporatedasm30.exe -@_69K.AAB 

G:\workspace\EEA\V615\APP\SOURCE\ASM\etc.asm                         PAGE   12

      595                           .member _NET_FLOW_WATER,17184,8,8,1408,.fake6
      596                           .member _NET_FLOW_TOTAL,18592,8,8,1408,.fake6
      597                           .member _NET_OIL,20000,8,8,1408,.fake6
      598                           .member _NET_WATER,21408,8,8,1408,.fake6
      599                           .member _NET_TOTAL,22816,8,8,1408,.fake6
      600                           .member _AVG_NET_TOTAL,24224,8,8,1408,.fake6
      601                           .member _GROSS_OIL,25632,8,8,1408,.fake6
      602                           .member _gross_oil_whole_part,27040,11,8,64
      603                           .member _gross_oil_fract_part,27104,11,8,64
      604                           .member _GROSS_WATER,27168,8,8,1408,.fake6
      605                           .member _gross_water_whole_part,28576,11,8,64
      606                           .member _gross_water_fract_part,28640,11,8,64
      607                           .member _GROSS_TOTAL,28704,8,8,1408,.fake6
      608                           .member _AVG_GROSS_TOTAL,30112,8,8,1408,.fake6
      609                           .member _FLOW_OIL,31520,8,8,1408,.fake6
      610                           .member _FLOW_WATER,32928,8,8,1408,.fake6
      611                           .member _FLOW_TOTAL,34336,8,8,1408,.fake6
      612                           .member _PULSES_PER_ACCUM_UNIT,35744,14,8,32
      613                           .member _PULSE_TOTAL,35776,8,8,1408,.fake6
      614                           .member _PULSE_FLOW,37184,8,8,1408,.fake6
      615                           .member _PULSE_FREQ,38592,8,8,1408,.fake6
      616                           .member _PULSE_COUNTER,40000,14,8,32
      617                           .member _PULSE,40032,4,8,32
      618                           .member _CNT,40064,4,8,32
      619                           .member _PULSE_DELTA,40096,4,8,32
      620                           .member _PULSE_FACTOR,40128,6,8,32
      621                           .member _PULSE_STAT,40160,4,8,32
      622                           .member _enable_NET,40192,14,8,32
      623                           .member _enable_GROSS,40224,14,8,32
      624                           .member _enable_FLOW,40256,14,8,32
      625                           .member _enable_DENSITY,40288,14,8,32
      626                           .member _enable_PULSE,40320,14,8,32
      627                           .member _flow_class,40352,8,8,64,.fake8
      628                           .member _flow_unit,40416,8,8,64,.fake8
      629                           .member _accum_unit,40480,8,8,64,.fake8
      630                           .member _Z,40544,8,8,96,.fake7
      631                           .member _use_totalizer,40640,8,8,96,.fake7
      632                           .member _pulse_v,40736,8,8,64,.fake8
      633                           .member _pulse_class,40800,8,8,64,.fake8
      634                           .member _pulse_unit,40864,8,8,64,.fake8
      635                           .member _pulse_VALUE,40928,8,8,1408,.fake6
      636                           .member _USE_PDI_TEMP,42336,14,8,32
      637                           .member _USE_PDI_SALINITY,42368,14,8,32
      638                           .member _CALC_WC_DENSITY,42400,14,8,32
      639                           .member _MAN_TEMP,42432,14,8,32
      640                           .member _MAN_SALINITY,42464,14,8,32
      641                           .member _MAN_WATERCUT,42496,14,8,32
      642                           .member _MAN_DENSITY,42528,14,8,32
      643                           .member _MAN_PRESSURE,42560,14,8,32
      644                           .member _MAN_FLOW,42592,14,8,32
      645                           .member _AUTHORIZATION_CODE1,42624,14,8,32
      646                           .member _AUTHORIZATION_CODE2,42656,14,8,32
      647                           .member _AUTHORIZATION_CODE3,42688,14,8,32
      648                           .member _AUTHORIZATION_CODE4,42720,14,8,32
TMS320C3x/4x COFF AssemblerVersion 5.12     Tue Mar 02 13:04:09 2021
Copyright (c) 1987-1999 Texas Instruments Incorporatedasm30.exe -@_69K.AAB 

G:\workspace\EEA\V615\APP\SOURCE\ASM\etc.asm                         PAGE   13

      649                           .eos
      650                           .sym    _FLOW_COMP,0,8,13,42752,.fake31
      651                           .stag   .fake32,2176
      652                           .member _WATERCUT,0,6,8,32
      653                           .member _FLOW_RATE,32,6,8,32
      654                           .member _TEMPERATURE,64,6,8,32
      655                           .member _DENSITY,96,6,8,32
      656                           .member _VISCOSITY,128,6,8,32
      657                           .member _iWATERCUTz,160,4,8,32
      658                           .member _iWATERCUT,192,4,8,32
      659                           .member _iFLOW_RATE,224,4,8,32
      660                           .member _iTEMPERATURE,256,4,8,32
      661                           .member _iDENSITY,288,4,8,32
      662                           .member _iVISCOSITY,320,4,8,32
      663                           .member _maxWATERCUTz,352,6,8,32
      664                           .member _maxWATERCUT,384,6,8,32
      665                           .member _maxFLOW_RATE,416,6,8,32
      666                           .member _maxTEMPERATURE,448,6,8,32
      667                           .member _maxDENSITY,480,6,8,32
      668                           .member _maxVISCOSITY,512,6,8,32
      669                           .member _minWATERCUTz,544,6,8,32
      670                           .member _minWATERCUT,576,6,8,32
      671                           .member _minFLOW_RATE,608,6,8,32
      672                           .member _minTEMPERATURE,640,6,8,32
      673                           .member _minDENSITY,672,6,8,32
      674                           .member _minVISCOSITY,704,6,8,32
      675                           .member _ENABLED,736,14,8,32
      676                           .member _DESTINATION_ADDRESS,768,8,8,1408,.fake6
      677                           .eos
      678                           .sym    _ALYESKA_STRUCT,0,8,13,2176,.fake32
      679                           .stag   .fake33,2464
      680                           .member _ENABLED,0,8,8,96,.fake7
      681                           .member _flow_threshold,96,8,8,1408,.fake6
      682                           .member _S3,1504,6,8,32
      683                           .member _S2,1536,6,8,32
      684                           .member _S1,1568,6,8,32
      685                           .member _S0,1600,6,8,32
      686                           .member _Fmin,1632,6,8,32
      687                           .member _Dmin,1664,6,8,32
      688                           .member _Dmax,1696,6,8,32
      689                           .member _CHANGED,1728,14,8,32
      690                           .member _PURGING,1760,14,8,32
      691                           .member _TEST_IN_PROGRESS,1792,14,8,32
      692                           .member _SP3A,1824,6,8,32
      693                           .member _SP2A,1856,6,8,32
      694                           .member _SP1A,1888,6,8,32
      695                           .member _SP0A,1920,6,8,32
      696                           .member _SPLOA,1952,6,8,32
      697                           .member _SPHIA,1984,6,8,32
      698                           .member _SP3B,2016,6,8,32
      699                           .member _SP2B,2048,6,8,32
      700                           .member _SP1B,2080,6,8,32
      701                           .member _SP0B,2112,6,8,32
      702                           .member _SPLOB,2144,6,8,32
TMS320C3x/4x COFF AssemblerVersion 5.12     Tue Mar 02 13:04:09 2021
Copyright (c) 1987-1999 Texas Instruments Incorporatedasm30.exe -@_69K.AAB 

G:\workspace\EEA\V615\APP\SOURCE\ASM\etc.asm                         PAGE   14

      703                           .member _SPHIB,2176,6,8,32
      704                           .member _FBHI3,2208,6,8,32
      705                           .member _FBHI2,2240,6,8,32
      706                           .member _FBHI1,2272,6,8,32
      707                           .member _FBHI0,2304,6,8,32
      708                           .member _FBLO3,2336,6,8,32
      709                           .member _FBLO2,2368,6,8,32
      710                           .member _FBLO1,2400,6,8,32
      711                           .member _FBLO0,2432,6,8,32
      712                           .eos
      713                           .sym    _HS_STRUCT,0,8,13,2464,.fake33
      714                           .file   "G:\workspace\EEA\V615\APP\SOURCE\INCLUDE\HART.H"
      715                           .file   "G:\workspace\EEA\V615\APP\SOURCE\INCLUDE\MODBUSRTU.H"
      716                           .file   "G:\workspace\EEA\V615\APP\SOURCE\INCLUDE\MISC.H"
      717                           .file   "G:\workspace\EEA\V615\APP\SOURCE\INCLUDE\API.H"

 No Errors,  No Warnings
TMS320C3x/4x COFF AssemblerVersion 5.12     Tue Mar 02 13:04:09 2021
Copyright (c) 1987-1999 Texas Instruments Incorporatedasm30.exe -@_69K.AAB 

G:\workspace\EEA\V615\APP\SOURCE\ASM\etc.asm                         PAGE   15

LABEL                            VALUE       DEFN    REF

.BIGMODEL                        00000001       0 
.C30                             00000000       0 
.C30INTERRUPT                    00000000       0 
.C31                             00000000       0 
.C32                             00000000       0 
.C33                             00000001       0 
.C3X                             00000001       0 
.C3x                             00000001       0 
.C40                             00000000       0 
.C44                             00000000       0 
.C4X                             00000000       0 
.C4x                             00000000       0 
.REGPARM                         00000001       0 
.TMS320C30                       00000001       0 
.TMS320C31                       00000000       0 
.TMS320C32                       00000000       0 
.TMS320C40                       00000000       0 
.TMS320C44                       00000000       0 
.TMS320xx                        00000021       0 
.tms320C30                       00000001       0 
.tms320C31                       00000000       0 
.tms320C32                       00000000       0 
.tms320C40                       00000000       0 
.tms320C44                       00000000       0 
.tms320xx                        00000021       0 
.tmx320C40                       00000000       0 
FP                               0000000b       7 
fp                               0000000b       6 
