TMS320C3x/4x COFF AssemblerVersion 5.12     Mon Oct 31 11:29:47 2011
Copyright (c) 1987-1999 Texas Instruments Incorporatedasm30.exe -@_348.AAB 

D:\CCS\EEA_SA_V611beta\BOOT\SOURCE\ASM\isr.asm                       PAGE    1

        1                   ;******************************************************************************
        2                   ;* TMS320C3x/4x ANSI C Code Generator                            Version 5.11 *
        3                   ;* Date/Time created: Mon Oct 31 11:29:47 2011                                *
        4                   ;******************************************************************************
        5                           .regalias       ; enable floating point register aliases
        6          0000000b fp      .set    ar3
        7          0000000b FP      .set    ar3
        8                   ;******************************************************************************
        9                   ;* GLOBAL FILE PARAMETERS                                                     *
       10                   ;*                                                                            *
       11                   ;*   Optimization       : Always Choose Smaller Code Size                     *
       12                   ;*   Memory             : Big Memory Model                                    *
       13                   ;*   Float-to-Int       : Normal Conversions (round toward zero)              *
       14                   ;*   Multiply           : in Software (32 bits)                               *
       15                   ;*   Memory Info        : Unmapped Memory Exists                              *
       16                   ;*   Repeat Loops       : Use RPTS and/or RPTB                                *
       17                   ;*   Calls              : Normal Library ASM calls                            *
       18                   ;*   Debug Info         : Standard TI Debug Information                       *
       19                   ;******************************************************************************
       20                   ;       C:\tic3x4x\c3x4x\cgtools\bin\ac30.exe -@_348.AAA 
       21                           .file   "isr.c"
       22                           .file   "D:\CCS\EEA_SA_V611beta\INCLUDE\ETC.H"
       23                           .sym    _BOOL,0,14,13,32
       24                           .file   "D:\CCS\EEA_SA_V611beta\BOOT\SOURCE\INCLUDE\BUFFER.H"
       25                           .stag   .fake0,131744
       26                           .member _head,0,4,8,32
       27                           .member _tail,32,4,8,32
       28                           .member _n,64,4,8,32
       29                           .member _CRC16,96,14,8,32
       30                           .member _buff,128,62,8,131584,,4112
       31                           .member _locked,131712,14,8,32
       32                           .eos
       33                           .sym    _BFR,0,8,13,131744,.fake0
       34                           .file   "D:\CCS\EEA_SA_V611beta\INCLUDE\FLASH.H"
       35                           .file   "D:\CCS\EEA_SA_V611beta\BOOT\SOURCE\INCLUDE\SERIAL.H"
       36                           .stag   .fake1,263936
       37                           .member _STAT,0,12,8,32
       38                           .member _TMR_Network_WDOG,32,14,8,32
       39                           .member _TMR_EOT_Delay,64,14,8,32
       40                           .member _TMR_Preamble_Delay,96,14,8,32
       41                           .member _TMR_Suffix_Delay,128,14,8,32
       42                           .member _TMR_Char,160,14,8,32
       43                           .member _TMR_enabled,192,14,8,32
       44                           .member _tvector,224,20,8,32
       45                           .member _pvector,256,20,8,32
       46                           .member _i,288,14,8,32
       47                           .member _func,320,14,8,32
       48                           .member _Slave_ID,352,14,8,32
       49                           .member _TXbuf,384,8,8,131744,.fake0
       50                           .member _TX_complete,132128,14,8,32
       51                           .member _RXbuf,132160,8,8,131744,.fake0
       52                           .member _RX_pending,263904,14,8,32
       53                           .eos
       54                           .sym    _PORTV,0,8,13,263936,.fake1
TMS320C3x/4x COFF AssemblerVersion 5.12     Mon Oct 31 11:29:47 2011
Copyright (c) 1987-1999 Texas Instruments Incorporatedasm30.exe -@_348.AAB 

D:\CCS\EEA_SA_V611beta\BOOT\SOURCE\ASM\isr.asm                       PAGE    2

       55                           .file   "D:\CCS\EEA_SA_V611beta\BOOT\SOURCE\INCLUDE\MODBUSRTU.H"
       56                           .file   "D:\CCS\EEA_SA_V611beta\INCLUDE\I2C.H"
       57                           .file   "D:\CCS\EEA_SA_V611beta\BOOT\SOURCE\INCLUDE\GLBLS.H"
       58                           .file   "D:\CCS\EEA_SA_V611beta\BOOT\SOURCE\INCLUDE\BRANCH.H"
       59                                   .global _BT                     
       60                                   .global _BTCOPY         
       61                                   .global _c_XINT0        
       62                                   .global _c_RINT0        
       63                                   .global _c_TINT0        
       64                                   .global _c_TINT1        
       65                                   .global _c_INT0         
       66                                   .global _c_INT1         
       67                                   .global _c_INT2         
       68                                   .global _c_INT3         
       69                                   .global _c_SPURINT      
       70                                   .global _XINT0          
       71                                   .global _RINT0          
       72                                   .global _TINT0          
       73                                   .global _TINT1          
       74                                   .global _INT0           
       75                                   .global _INT1           
       76                                   .global _INT2           
       77                                   .global _INT3           
       78 00000000                          .sect "branch_table_copy"       
       79 00000000          _BTCOPY                                 
       80 00000000 60000000+                BR _c_INT0                      
       81 00000001 60000111+                BR _c_SPURINT           
       82 00000002 60000111+                BR _c_SPURINT           
       83 00000003 60000111+                BR _c_SPURINT           
       84 00000004 60000111+                BR _c_SPURINT           
       85 00000005 60000111+                BR _c_SPURINT           
       86 00000006 60000111+                BR _c_SPURINT           
       87 00000007 60000111+                BR _c_SPURINT           
       88 00000008 6000004e+                BR _c_TINT0                     
       89 00000009 600000a3+                BR _c_TINT1                     
       90 0000000a 60000111+                BR _c_SPURINT           
       91 0000000b 00000000                 .space  20                      
       92                                                                           
       93                                   .loop 28                        
       94                                   BR _c_SPURINT           
       95                                   .endloop                        
1         0000001f 60000111+                BR _c_SPURINT           
1         00000020 60000111+                BR _c_SPURINT           
1         00000021 60000111+                BR _c_SPURINT           
1         00000022 60000111+                BR _c_SPURINT           
1         00000023 60000111+                BR _c_SPURINT           
1         00000024 60000111+                BR _c_SPURINT           
1         00000025 60000111+                BR _c_SPURINT           
1         00000026 60000111+                BR _c_SPURINT           
1         00000027 60000111+                BR _c_SPURINT           
1         00000028 60000111+                BR _c_SPURINT           
1         00000029 60000111+                BR _c_SPURINT           
1         0000002a 60000111+                BR _c_SPURINT           
1         0000002b 60000111+                BR _c_SPURINT           
TMS320C3x/4x COFF AssemblerVersion 5.12     Mon Oct 31 11:29:47 2011
Copyright (c) 1987-1999 Texas Instruments Incorporatedasm30.exe -@_348.AAB 

D:\CCS\EEA_SA_V611beta\BOOT\SOURCE\ASM\isr.asm                       PAGE    3

1         0000002c 60000111+                BR _c_SPURINT           
1         0000002d 60000111+                BR _c_SPURINT           
1         0000002e 60000111+                BR _c_SPURINT           
1         0000002f 60000111+                BR _c_SPURINT           
1         00000030 60000111+                BR _c_SPURINT           
1         00000031 60000111+                BR _c_SPURINT           
1         00000032 60000111+                BR _c_SPURINT           
1         00000033 60000111+                BR _c_SPURINT           
1         00000034 60000111+                BR _c_SPURINT           
1         00000035 60000111+                BR _c_SPURINT           
1         00000036 60000111+                BR _c_SPURINT           
1         00000037 60000111+                BR _c_SPURINT           
1         00000038 60000111+                BR _c_SPURINT           
1         00000039 60000111+                BR _c_SPURINT           
1         0000003a 60000111+                BR _c_SPURINT           
       96 0000003b 00000000                 .space 4                        
       97 00000000                          .sect "branch_table"    
       98 00000000          _BT                                             
       99 00000000 60000111+_INT0   BR _c_SPURINT           
      100 00000001 60000111+_INT1   BR _c_SPURINT           
      101 00000002 60000111+_INT2   BR _c_SPURINT           
      102 00000003 60000111+_INT3   BR _c_SPURINT           
      103 00000004 60000111+_XINT0  BR _c_SPURINT           
      104 00000005 60000111+_RINT0  BR _c_SPURINT           
      105 00000006 60000111+                BR _c_SPURINT           
      106 00000007 60000111+                BR _c_SPURINT           
      107 00000008 60000111+_TINT0  BR _c_SPURINT           
      108 00000009 60000111+_TINT1  BR _c_SPURINT           
      109 0000000a 60000111+_DINT   BR _c_SPURINT           
      110 0000000b 00000000                 .space  20                      
      111 0000001f          _TRAPO                                          
      112                                   .loop 28                        
      113                                   BR _c_SPURINT           
      114                                   .endloop                        
1         0000001f 60000111+                BR _c_SPURINT           
1         00000020 60000111+                BR _c_SPURINT           
1         00000021 60000111+                BR _c_SPURINT           
1         00000022 60000111+                BR _c_SPURINT           
1         00000023 60000111+                BR _c_SPURINT           
1         00000024 60000111+                BR _c_SPURINT           
1         00000025 60000111+                BR _c_SPURINT           
1         00000026 60000111+                BR _c_SPURINT           
1         00000027 60000111+                BR _c_SPURINT           
1         00000028 60000111+                BR _c_SPURINT           
1         00000029 60000111+                BR _c_SPURINT           
1         0000002a 60000111+                BR _c_SPURINT           
1         0000002b 60000111+                BR _c_SPURINT           
1         0000002c 60000111+                BR _c_SPURINT           
1         0000002d 60000111+                BR _c_SPURINT           
1         0000002e 60000111+                BR _c_SPURINT           
1         0000002f 60000111+                BR _c_SPURINT           
1         00000030 60000111+                BR _c_SPURINT           
1         00000031 60000111+                BR _c_SPURINT           
1         00000032 60000111+                BR _c_SPURINT           
TMS320C3x/4x COFF AssemblerVersion 5.12     Mon Oct 31 11:29:47 2011
Copyright (c) 1987-1999 Texas Instruments Incorporatedasm30.exe -@_348.AAB 

D:\CCS\EEA_SA_V611beta\BOOT\SOURCE\ASM\isr.asm                       PAGE    4

1         00000033 60000111+                BR _c_SPURINT           
1         00000034 60000111+                BR _c_SPURINT           
1         00000035 60000111+                BR _c_SPURINT           
1         00000036 60000111+                BR _c_SPURINT           
1         00000037 60000111+                BR _c_SPURINT           
1         00000038 60000111+                BR _c_SPURINT           
1         00000039 60000111+                BR _c_SPURINT           
1         0000003a 60000111+                BR _c_SPURINT           
      115 0000003b 00000000                 .space 4                        
      116                           .file   "isr.c"
      117 00000000                  .sect    "interrupt_routines"
      118                   
      119                           .global _c_INT0
      120                           .sym    _c_INT0,_c_INT0,32,2,0
      121                           .func   14
      122                   ;******************************************************************************
      123                   ;* FUNCTION NAME: _c_INT0                                                     *
      124                   ;*                                                                            *
      125                   ;*   Architecture       : TMS320C33                                           *
      126                   ;*   Calling Convention : TI Standard Register Parameters                     *
      127                   ;*   Function Uses Regs : r0,ar0                                              *
      128                   ;*   Regs Saved         : f0,r0,f1,r1,f2,r2,f3,r3,f4,r4,f5,r5,f6,r6,f7,r7,ar0,*
      129                   ;*                        ar1,ar2,ir0,ir1,bk,rs,re,rc,pc                      *
      130                   ;*   Stack Frame        : Full (w/ debug)                                     *
      131                   ;*   Total Frame Size   : 2 Call + 0 Parm + 0 Auto + 26 SOE = 28 words        *
      132                   ;******************************************************************************
      133 00000000          _c_INT0:
      134                           .line   1
      135                   ;----------------------------------------------------------------------
      136                   ;  14 | void c_INT0(void)                                                      
      137                   ;----------------------------------------------------------------------
      138 00000000 0f350000         push      st
      139 00000001 0f2b0000         push      fp
      140 00000002 500b0014         ldiu      sp,fp
      141 00000003 0f300000         push      dp
      142 00000004 0f200000         push      r0
      143 00000005 0fa00000         pushf     f0
      144 00000006 0f210000         push      r1
      145 00000007 0fa10000         pushf     f1
      146 00000008 0f220000         push      r2
      147 00000009 0fa20000         pushf     f2
      148 0000000a 0f230000         push      r3
      149 0000000b 0fa30000         pushf     f3
      150 0000000c 0f280000         push      ar0
      151 0000000d 0f290000         push      ar1
      152 0000000e 0f2a0000         push      ar2
      153 0000000f 0f310000         push      ir0
      154 00000010 0f320000         push      ir1
      155 00000011 0f390000         push      rs
      156 00000012 0f3a0000         push      re
      157 00000013 0f3b0000         push      rc
      158 00000014 0f240000         push      r4
      159 00000015 0fa40000         pushf     f4
      160 00000016 0f250000         push      r5
TMS320C3x/4x COFF AssemblerVersion 5.12     Mon Oct 31 11:29:47 2011
Copyright (c) 1987-1999 Texas Instruments Incorporatedasm30.exe -@_348.AAB 

D:\CCS\EEA_SA_V611beta\BOOT\SOURCE\ASM\isr.asm                       PAGE    5

      161 00000017 0fa50000         pushf     f5
      162 00000018 0f260000         push      r6
      163 00000019 0fa60000         pushf     f6
      164 0000001a 0f270000         push      r7
      165 0000001b 0fa70000         pushf     f7
      166 0000001c 0f330000         push      bk
      167 0000001d 03750100         andn      256,st                ; Disable any existing repeat loops
      168                           .line   3
      169                   ;----------------------------------------------------------------------
      170                   ;  16 | DISABLE_EXTINT0;                                                       
      171                   ;----------------------------------------------------------------------
      172 0000001e 0f350000         push    ST                      
      173 0000001f 03752000         andn    2000h, ST       
      174 00000020 08700000-        ldp       @CL1,DP
      175 00000021 50280000-        ldiu      @CL1,ar0              ; |16| 
      176 00000022 506000fe         ldiu      254,r0                ; |16| 
      177 00000023 21a0c000         and3      r0,*ar0,r0            ; |16| 
      178 00000024 1540c000         sti       r0,*ar0               ; |16| 
      179 00000025 0e350000         pop             ST                      
      180                           .line   4
      181                   ;----------------------------------------------------------------------
      182                   ;  17 | Process_UINT();                                                        
      183                   ;----------------------------------------------------------------------
      184 00000026 08700000-        ldp       @CL2,DP
      185 00000027 50200001-        ldiu      @CL2,r0               ; |17| 
      186 00000028 70000000         callu     r0                    ; far call to _Process_UINT     ; |17| 
      187                                                           ; |17| Far Call Occurs
      188                           .line   5
      189                   ;----------------------------------------------------------------------
      190                   ;  18 | ENABLE_EXTINT0;                                                        
      191                   ;----------------------------------------------------------------------
      192 00000029 0f350000         push    ST                      
      193 0000002a 03752000         andn    2000h, ST       
      194 0000002b 08700000-        ldp       @CL1,DP
      195 0000002c 50280000-        ldiu      @CL1,ar0              ; |18| 
      196 0000002d 50600001         ldiu      1,r0                  ; |18| 
      197 0000002e 25a0c000         or3       r0,*ar0,r0            ; |18| 
      198 0000002f 1540c000         sti       r0,*ar0               ; |18| 
      199 00000030 0e350000         pop             ST                      
      200                           .line   6
      201                                                           ; Begin Epilog Code
      202                                                           ; Restore SOE Registers
      203 00000031 0e330000         pop       bk
      204 00000032 0ea70000         popf      f7
      205 00000033 0e270000         pop       r7
      206 00000034 0ea60000         popf      f6
      207 00000035 0e260000         pop       r6
      208 00000036 0ea50000         popf      f5
      209 00000037 0e250000         pop       r5
      210 00000038 0ea40000         popf      f4
      211 00000039 0e240000         pop       r4
      212 0000003a 0e3b0000         pop       rc
      213 0000003b 0e3a0000         pop       re
      214 0000003c 0e390000         pop       rs
TMS320C3x/4x COFF AssemblerVersion 5.12     Mon Oct 31 11:29:47 2011
Copyright (c) 1987-1999 Texas Instruments Incorporatedasm30.exe -@_348.AAB 

D:\CCS\EEA_SA_V611beta\BOOT\SOURCE\ASM\isr.asm                       PAGE    6

      215 0000003d 0e320000         pop       ir1
      216 0000003e 0e310000         pop       ir0
      217 0000003f 0e2a0000         pop       ar2
      218 00000040 0e290000         pop       ar1
      219 00000041 0e280000         pop       ar0
      220 00000042 0ea30000         popf      f3
      221 00000043 0e230000         pop       r3
      222 00000044 0ea20000         popf      f2
      223 00000045 0e220000         pop       r2
      224 00000046 0ea10000         popf      f1
      225 00000047 0e210000         pop       r1
      226 00000048 0ea00000         popf      f0
      227 00000049 0e200000         pop       r0
      228 0000004a 0e300000         pop       dp
      229                                                           ; Unallocate the Frame
      230 0000004b 0e2b0000         pop       fp
      231 0000004c 0e350000         pop       st
      232 0000004d 78000000         reti
      233                                                                   ; Return From Interrupt
      234                           .endfunc        19,0103f07ffh,0
      235                   
      236                   
      237 0000004e                  .sect    "interrupt_routines"
      238                   
      239                           .global _c_TINT0
      240                           .sym    _c_TINT0,_c_TINT0,32,2,0
      241                           .func   23
      242                   ;******************************************************************************
      243                   ;* FUNCTION NAME: _c_TINT0                                                    *
      244                   ;*                                                                            *
      245                   ;*   Architecture       : TMS320C33                                           *
      246                   ;*   Calling Convention : TI Standard Register Parameters                     *
      247                   ;*   Function Uses Regs : r0,ar0,ar1,st                                       *
      248                   ;*   Regs Saved         : f0,r0,f1,r1,f2,r2,f3,r3,f4,r4,f5,r5,f6,r6,f7,r7,ar0,*
      249                   ;*                        ar1,ar2,ir0,ir1,bk,rs,re,rc,pc                      *
      250                   ;*   Stack Frame        : Full (w/ debug)                                     *
      251                   ;*   Total Frame Size   : 2 Call + 0 Parm + 0 Auto + 26 SOE = 28 words        *
      252                   ;******************************************************************************
      253 0000004e          _c_TINT0:
      254                           .line   1
      255                   ;----------------------------------------------------------------------
      256                   ;  23 | void c_TINT0(void)                                                     
      257                   ;----------------------------------------------------------------------
      258 0000004e 0f350000         push      st
      259 0000004f 0f2b0000         push      fp
      260 00000050 500b0014         ldiu      sp,fp
      261 00000051 0f300000         push      dp
      262 00000052 0f200000         push      r0
      263 00000053 0fa00000         pushf     f0
      264 00000054 0f210000         push      r1
      265 00000055 0fa10000         pushf     f1
      266 00000056 0f220000         push      r2
      267 00000057 0fa20000         pushf     f2
      268 00000058 0f230000         push      r3
TMS320C3x/4x COFF AssemblerVersion 5.12     Mon Oct 31 11:29:47 2011
Copyright (c) 1987-1999 Texas Instruments Incorporatedasm30.exe -@_348.AAB 

D:\CCS\EEA_SA_V611beta\BOOT\SOURCE\ASM\isr.asm                       PAGE    7

      269 00000059 0fa30000         pushf     f3
      270 0000005a 0f280000         push      ar0
      271 0000005b 0f290000         push      ar1
      272 0000005c 0f2a0000         push      ar2
      273 0000005d 0f310000         push      ir0
      274 0000005e 0f320000         push      ir1
      275 0000005f 0f390000         push      rs
      276 00000060 0f3a0000         push      re
      277 00000061 0f3b0000         push      rc
      278 00000062 0f240000         push      r4
      279 00000063 0fa40000         pushf     f4
      280 00000064 0f250000         push      r5
      281 00000065 0fa50000         pushf     f5
      282 00000066 0f260000         push      r6
      283 00000067 0fa60000         pushf     f6
      284 00000068 0f270000         push      r7
      285 00000069 0fa70000         pushf     f7
      286 0000006a 0f330000         push      bk
      287 0000006b 03750100         andn      256,st                ; Disable any existing repeat loops
      288                           .line   5
      289                   ;----------------------------------------------------------------------
      290                   ;  27 | vect_p1 = (int*)FLASH_LOC[FLASH_ENTRY_POINT_APP];                      
      291                   ;----------------------------------------------------------------------
      292 0000006c 08700000-        ldp       @CL4,DP
      293 0000006d 50280003-        ldiu      @CL4,ar0              ; |27| 
      294 0000006e 08700000-        ldp       @CL3,DP
      295 0000006f 50290002-        ldiu      @CL3,ar1              ; |27| 
      296 00000070 5040c000         ldiu      *ar0,r0               ; |27| 
      297 00000071 1540c100         sti       r0,*ar1               ; |27| 
      298                           .line   6
      299                   ;----------------------------------------------------------------------
      300                   ;  28 | if ((vect_p1 != (int*)0x00000000) && (vect_p1 != (int*)0xFFFFFFFF))    
      301                   ;----------------------------------------------------------------------
      302 00000072 50280002-        ldiu      @CL3,ar0              ; |28| 
      303 00000073 5040c000         ldiu      *ar0,r0               ; |28| 
      304 00000074 04e00000         cmpi      0,r0                  ; |28| 
      305 00000075 6a05000d         beq       L7                    ; |28| 
      306                   ;*      Branch Occurs to L7             ; |28| 
      307 00000076 08700000-        ldp       @CL3,DP
      308 00000077 50280002-        ldiu      @CL3,ar0              ; |28| 
      309 00000078 5040c000         ldiu      *ar0,r0               ; |28| 
      310 00000079 04e0ffff         cmpi      -1,r0                 ; |28| 
      311 0000007a 6a050008         beq       L7                    ; |28| 
      312                   ;*      Branch Occurs to L7             ; |28| 
      313                           .line   8
      314                   ;----------------------------------------------------------------------
      315                   ;  30 | DISABLE_JTAG;                                                          
      316                   ;----------------------------------------------------------------------
      317 0000007b 0f350000         push    ST                      
      318 0000007c 03752000         andn    2000h, ST       
      319 0000007d 08700000-        ldp       @CL5,DP
      320 0000007e 50280004-        ldiu      @CL5,ar0              ; |30| 
      321 0000007f 50600004         ldiu      4,r0                  ; |30| 
      322 00000080 25a0c000         or3       r0,*ar0,r0            ; |30| 
TMS320C3x/4x COFF AssemblerVersion 5.12     Mon Oct 31 11:29:47 2011
Copyright (c) 1987-1999 Texas Instruments Incorporatedasm30.exe -@_348.AAB 

D:\CCS\EEA_SA_V611beta\BOOT\SOURCE\ASM\isr.asm                       PAGE    8

      323 00000081 1540c000         sti       r0,*ar0               ; |30| 
      324 00000082 0e350000         pop             ST                      
      325 00000083          L7:        
      326                           .line   11
      327                   ;----------------------------------------------------------------------
      328                   ;  33 | Exit_to_App();                                                         
      329                   ;----------------------------------------------------------------------
      330 00000083 08700000-        ldp       @CL6,DP
      331 00000084 50200005-        ldiu      @CL6,r0               ; |33| 
      332 00000085 70000000         callu     r0                    ; far call to _Exit_to_App      ; |33| 
      333                                                           ; |33| Far Call Occurs
      334                           .line   12
      335                                                           ; Begin Epilog Code
      336                                                           ; Restore SOE Registers
      337 00000086 0e330000         pop       bk
      338 00000087 0ea70000         popf      f7
      339 00000088 0e270000         pop       r7
      340 00000089 0ea60000         popf      f6
      341 0000008a 0e260000         pop       r6
      342 0000008b 0ea50000         popf      f5
      343 0000008c 0e250000         pop       r5
      344 0000008d 0ea40000         popf      f4
      345 0000008e 0e240000         pop       r4
      346 0000008f 0e3b0000         pop       rc
      347 00000090 0e3a0000         pop       re
      348 00000091 0e390000         pop       rs
      349 00000092 0e320000         pop       ir1
      350 00000093 0e310000         pop       ir0
      351 00000094 0e2a0000         pop       ar2
      352 00000095 0e290000         pop       ar1
      353 00000096 0e280000         pop       ar0
      354 00000097 0ea30000         popf      f3
      355 00000098 0e230000         pop       r3
      356 00000099 0ea20000         popf      f2
      357 0000009a 0e220000         pop       r2
      358 0000009b 0ea10000         popf      f1
      359 0000009c 0e210000         pop       r1
      360 0000009d 0ea00000         popf      f0
      361 0000009e 0e200000         pop       r0
      362 0000009f 0e300000         pop       dp
      363                                                           ; Unallocate the Frame
      364 000000a0 0e2b0000         pop       fp
      365 000000a1 0e350000         pop       st
      366 000000a2 78000000         reti
      367                                                                   ; Return From Interrupt
      368                           .endfunc        34,0103f07ffh,0
      369                   
      370                   
      371 000000a3                  .sect    "interrupt_routines"
      372                   
      373                           .global _c_TINT1
      374                           .sym    _c_TINT1,_c_TINT1,32,2,0
      375                           .func   38
      376                   ;******************************************************************************
TMS320C3x/4x COFF AssemblerVersion 5.12     Mon Oct 31 11:29:47 2011
Copyright (c) 1987-1999 Texas Instruments Incorporatedasm30.exe -@_348.AAB 

D:\CCS\EEA_SA_V611beta\BOOT\SOURCE\ASM\isr.asm                       PAGE    9

      377                   ;* FUNCTION NAME: _c_TINT1                                                    *
      378                   ;*                                                                            *
      379                   ;*   Architecture       : TMS320C33                                           *
      380                   ;*   Calling Convention : TI Standard Register Parameters                     *
      381                   ;*   Function Uses Regs : r0,ar0,ar1,st                                       *
      382                   ;*   Regs Saved         : f0,r0,ar0,ar1,pc                                    *
      383                   ;*   Stack Frame        : Full (w/ debug)                                     *
      384                   ;*   Total Frame Size   : 2 Call + 0 Parm + 0 Auto + 5 SOE = 7 words          *
      385                   ;******************************************************************************
      386 000000a3          _c_TINT1:
      387                           .line   1
      388                   ;----------------------------------------------------------------------
      389                   ;  38 | void c_TINT1(void)                                                     
      390                   ;----------------------------------------------------------------------
      391 000000a3 0f350000         push      st
      392 000000a4 0f2b0000         push      fp
      393 000000a5 500b0014         ldiu      sp,fp
      394 000000a6 0f300000         push      dp
      395 000000a7 0f200000         push      r0
      396 000000a8 0fa00000         pushf     f0
      397 000000a9 0f280000         push      ar0
      398 000000aa 0f290000         push      ar1
      399                           .line   3
      400                   ;----------------------------------------------------------------------
      401                   ;  40 | DISABLE_TINT1;                                                         
      402                   ;----------------------------------------------------------------------
      403 000000ab 03760200         andn    0200h, IE
      404                           .line   5
      405                   ;----------------------------------------------------------------------
      406                   ;  42 | if(PORT.TMR_enabled)                                                   
      407                   ;----------------------------------------------------------------------
      408 000000ac 08700000-        ldp       @CL7,DP
      409 000000ad 50280006-        ldiu      @CL7,ar0              ; |42| 
      410 000000ae 5040c000         ldiu      *ar0,r0               ; |42| 
      411 000000af 04e00000         cmpi      0,r0                  ; |42| 
      412 000000b0 6a050057         beq       L13                   ; |42| 
      413                   ;*      Branch Occurs to L13            ; |42| 
      414                           .line   7
      415                   ;----------------------------------------------------------------------
      416                   ;  44 | TIMER1_COUNTER--;                                                      
      417                   ;----------------------------------------------------------------------
      418 000000b1 08700000-        ldp       @CL8,DP
      419 000000b2 50280007-        ldiu      @CL8,ar0              ; |44| 
      420 000000b3 50600001         ldiu      1,r0                  ; |44| 
      421 000000b4 2720c000         subi3     r0,*ar0,r0            ; |44| 
      422 000000b5 1540c000         sti       r0,*ar0               ; |44| 
      423                           .line   8
      424                   ;----------------------------------------------------------------------
      425                   ;  45 | if (TIMER1_COUNTER==0)                                                 
      426                   ;----------------------------------------------------------------------
      427 000000b6 50280007-        ldiu      @CL8,ar0              ; |45| 
      428 000000b7 5040c000         ldiu      *ar0,r0               ; |45| 
      429 000000b8 04e00000         cmpi      0,r0                  ; |45| 
      430 000000b9 6a06004e         bne       L13                   ; |45| 
TMS320C3x/4x COFF AssemblerVersion 5.12     Mon Oct 31 11:29:47 2011
Copyright (c) 1987-1999 Texas Instruments Incorporatedasm30.exe -@_348.AAB 

D:\CCS\EEA_SA_V611beta\BOOT\SOURCE\ASM\isr.asm                       PAGE   10

      431                   ;*      Branch Occurs to L13            ; |45| 
      432                           .line   10
      433                   ;----------------------------------------------------------------------
      434                   ;  47 | vect_pt1 = PORT.tvector;                                               
      435                   ;----------------------------------------------------------------------
      436 000000ba 08700000-        ldp       @CL10,DP
      437 000000bb 50280009-        ldiu      @CL10,ar0             ; |47| 
      438 000000bc 08700000-        ldp       @CL9,DP
      439 000000bd 50290008-        ldiu      @CL9,ar1              ; |47| 
      440 000000be 5040c000         ldiu      *ar0,r0               ; |47| 
      441 000000bf 1540c100         sti       r0,*ar1               ; |47| 
      442                           .line   12
      443                   ;----------------------------------------------------------------------
      444                   ;  49 | PUSH_ALL;                                                              
      445                   ;----------------------------------------------------------------------
      446 000000c0 0f350000         push    ST                      
      447 000000c1 0f2b0000         push    FP                      
      448 000000c2 080b0014         ldi             SP,FP           
      449 000000c3 02740002         addi    2,SP            
      450 000000c4 0f200000         push    R0                      
      451 000000c5 0fa00000         pushf   R0                      
      452 000000c6 0f210000         push    R1                      
      453 000000c7 0fa10000         pushf   R1                      
      454 000000c8 0f220000         push    R2                      
      455 000000c9 0fa20000         pushf   R2                      
      456 000000ca 0f230000         push    R3                      
      457 000000cb 0fa30000         pushf   R3                      
      458 000000cc 0f240000         push    R4                      
      459 000000cd 0fa40000         pushf   R4                      
      460 000000ce 0f250000         push    R5                      
      461 000000cf 0fa50000         pushf   R5                      
      462 000000d0 0f260000         push    R6                      
      463 000000d1 0fa60000         pushf   R6                      
      464 000000d2 0f270000         push    R7                      
      465 000000d3 0fa70000         pushf   R7                      
      466 000000d4 0f280000         push    AR0                     
      467 000000d5 0f290000         push    AR1                     
      468 000000d6 0f2a0000         push    AR2                     
      469 000000d7 0f2c0000         push    AR4                     
      470 000000d8 0f2d0000         push    AR5                     
      471 000000d9 0f2e0000         push    AR6                     
      472 000000da 0f2f0000         push    AR7                     
      473 000000db 0f300000         push    DP                      
      474 000000dc 0f310000         push    IR0                     
      475 000000dd 0f320000         push    IR1                     
      476 000000de 0f330000         push    BK                      
      477 000000df 0f380000         push    IOF                     
      478 000000e0 0f390000         push    RS                      
      479 000000e1 0f3a0000         push    RE                      
      480 000000e2 0f3b0000         push    RC                      
      481                           .line   13
      482                   ;----------------------------------------------------------------------
      483                   ;  50 | asm("           .global _vect_pt1  ");                                 
      484                   ;----------------------------------------------------------------------
TMS320C3x/4x COFF AssemblerVersion 5.12     Mon Oct 31 11:29:47 2011
Copyright (c) 1987-1999 Texas Instruments Incorporatedasm30.exe -@_348.AAB 

D:\CCS\EEA_SA_V611beta\BOOT\SOURCE\ASM\isr.asm                       PAGE   11

      485                                   .global _vect_pt1  
      486                           .line   14
      487                   ;----------------------------------------------------------------------
      488                   ;  51 | asm("       ldp             _vect_pt1      ");                         
      489                   ;----------------------------------------------------------------------
      490 000000e3 08700000!        ldp             _vect_pt1      
      491                           .line   15
      492                   ;----------------------------------------------------------------------
      493                   ;  52 | asm("       ldi             @_vect_pt1, R0 ");                         
      494                   ;----------------------------------------------------------------------
      495 000000e4 08200000!        ldi             @_vect_pt1, R0 
      496                           .line   16
      497                   ;----------------------------------------------------------------------
      498                   ;  53 | asm("       callnz  R0                         ");  /* call if vect !=
      499                   ;     | NULL */                                                                
      500                   ;----------------------------------------------------------------------
      501 000000e5 70060000         callnz  R0                         
      502                           .line   17
      503                   ;----------------------------------------------------------------------
      504                   ;  54 | POP_ALL;                                                               
      505                   ;----------------------------------------------------------------------
      506 000000e6 0e3b0000         pop             RC                      
      507 000000e7 0e3a0000         pop             RE                      
      508 000000e8 0e390000         pop             RS                      
      509 000000e9 0e380000         pop             IOF                     
      510 000000ea 0e330000         pop             BK                      
      511 000000eb 0e320000         pop             IR1                     
      512 000000ec 0e310000         pop             IR0                     
      513 000000ed 0e300000         pop             DP                      
      514 000000ee 0e2f0000         pop             AR7                     
      515 000000ef 0e2e0000         pop             AR6                     
      516 000000f0 0e2d0000         pop             AR5                     
      517 000000f1 0e2c0000         pop             AR4                     
      518 000000f2 0e2a0000         pop             AR2                     
      519 000000f3 0e290000         pop             AR1                     
      520 000000f4 0e280000         pop             AR0                     
      521 000000f5 0ea70000         popf    R7                      
      522 000000f6 0e270000         pop     R7                      
      523 000000f7 0ea60000         popf    R6                      
      524 000000f8 0e260000         pop             R6                      
      525 000000f9 0ea50000         popf    R5                      
      526 000000fa 0e250000         pop             R5                      
      527 000000fb 0ea40000         popf    R4                      
      528 000000fc 0e240000         pop             R4                      
      529 000000fd 0ea30000         popf    R3                      
      530 000000fe 0e230000         pop             R3                      
      531 000000ff 0ea20000         popf    R2                      
      532 00000100 0e220000         pop             R2                      
      533 00000101 0ea10000         popf    R1                      
      534 00000102 0e210000         pop             R1                      
      535 00000103 0ea00000         popf    R0                      
      536 00000104 0e200000         pop     R0                      
      537 00000105 18740002         subi    2,SP            
      538 00000106 0e2b0000         pop     FP                      
TMS320C3x/4x COFF AssemblerVersion 5.12     Mon Oct 31 11:29:47 2011
Copyright (c) 1987-1999 Texas Instruments Incorporatedasm30.exe -@_348.AAB 

D:\CCS\EEA_SA_V611beta\BOOT\SOURCE\ASM\isr.asm                       PAGE   12

      539 00000107 0e350000         pop     ST                      
      540 00000108          L13:        
      541                           .line   21
      542                   ;----------------------------------------------------------------------
      543                   ;  58 | ENABLE_TINT1;                                                          
      544                   ;----------------------------------------------------------------------
      545 00000108 10760200         or              0200h, IE
      546                           .line   22
      547                                                           ; Begin Epilog Code
      548                                                           ; Restore SOE Registers
      549 00000109 0e290000         pop       ar1
      550 0000010a 0e280000         pop       ar0
      551 0000010b 0ea00000         popf      f0
      552 0000010c 0e200000         pop       r0
      553 0000010d 0e300000         pop       dp
      554                                                           ; Unallocate the Frame
      555 0000010e 0e2b0000         pop       fp
      556 0000010f 0e350000         pop       st
      557 00000110 78000000         reti
      558                                                                   ; Return From Interrupt
      559                           .endfunc        59,010000301h,0
      560                   
      561                   
      562 00000111                  .sect    "interrupt_routines"
      563                   
      564                           .global _c_SPURINT
      565                           .sym    _c_SPURINT,_c_SPURINT,32,2,0
      566                           .func   63
      567                   ;******************************************************************************
      568                   ;* FUNCTION NAME: _c_SPURINT                                                  *
      569                   ;*                                                                            *
      570                   ;*   Architecture       : TMS320C33                                           *
      571                   ;*   Calling Convention : TI Standard Register Parameters                     *
      572                   ;*   Function Uses Regs :                                                     *
      573                   ;*   Regs Saved         :                                                     *
      574                   ;*   Stack Frame        : Full (w/ debug)                                     *
      575                   ;*   Total Frame Size   : 2 Call + 0 Parm + 0 Auto + 1 SOE = 3 words          *
      576                   ;******************************************************************************
      577 00000111          _c_SPURINT:
      578                           .line   1
      579                   ;----------------------------------------------------------------------
      580                   ;  63 | void c_SPURINT(void)                                                   
      581                   ;----------------------------------------------------------------------
      582 00000111 0f350000         push      st
      583 00000112 0f2b0000         push      fp
      584 00000113 500b0014         ldiu      sp,fp
      585 00000114 0f300000         push      dp
      586                           .line   3
      587                                                           ; Begin Epilog Code
      588                                                           ; Restore SOE Registers
      589 00000115 0e300000         pop       dp
      590                                                           ; Unallocate the Frame
      591 00000116 0e2b0000         pop       fp
      592 00000117 0e350000         pop       st
TMS320C3x/4x COFF AssemblerVersion 5.12     Mon Oct 31 11:29:47 2011
Copyright (c) 1987-1999 Texas Instruments Incorporatedasm30.exe -@_348.AAB 

D:\CCS\EEA_SA_V611beta\BOOT\SOURCE\ASM\isr.asm                       PAGE   13

      593 00000118 78000000         reti
      594                                                                   ; Return From Interrupt
      595                           .endfunc        65,010000000h,0
      596                   
      597                   
      598                   ;******************************************************************************
      599                   ;* CONSTANT TABLE                                                             *
      600                   ;******************************************************************************
      601 00000000                  .sect   ".const"
      602 00000000                  .bss    CL1,1
      603 00000001                  .bss    CL2,1
      604 00000002                  .bss    CL3,1
      605 00000003                  .bss    CL4,1
      606 00000004                  .bss    CL5,1
      607 00000005                  .bss    CL6,1
      608 00000006                  .bss    CL7,1
      609 00000007                  .bss    CL8,1
      610 00000008                  .bss    CL9,1
      611 00000009                  .bss    CL10,1
      612                   
      613 00000000                  .sect   ".cinit"
      614 00000000 0000000a         .field          10,32
      615 00000001 00000000-        .field          CL1+0,32
      616 00000002 00900006         .field          9437190,32
      617 00000003 00000000!        .field          _Process_UINT,32
      618 00000004 00000000!        .field          _vect_p1,32
      619 00000005 00401fff         .field          4202495,32
      620 00000006 00900013         .field          9437203,32
      621 00000007 00000000!        .field          _Exit_to_App,32
      622 00000008 00000006!        .field          _PORT+6,32
      623 00000009 00000000!        .field          _TIMER1_COUNTER,32
      624 0000000a 00000000!        .field          _vect_pt1,32
      625 0000000b 00000007!        .field          _PORT+7,32
      626                   
      627 00000000                  .sect   ".text"
      628                   ;******************************************************************************
      629                   ;* UNDEFINED EXTERNAL REFERENCES                                              *
      630                   ;******************************************************************************
      631                   
      632                           .global _PORT
      633                   
      634                           .global _Process_UINT
      635                   
      636                           .global _Exit_to_App
      637                   
      638                           .global _vect_pt1
      639                   
      640                           .global _vect_p1
      641                   
      642                           .global _TIMER1_COUNTER

 No Errors,  No Warnings
TMS320C3x/4x COFF AssemblerVersion 5.12     Mon Oct 31 11:29:47 2011
Copyright (c) 1987-1999 Texas Instruments Incorporatedasm30.exe -@_348.AAB 

D:\CCS\EEA_SA_V611beta\BOOT\SOURCE\ASM\isr.asm                       PAGE   14

LABEL                            VALUE       DEFN    REF

.BIGMODEL                        00000001       0 
.C30                             00000000       0 
.C30INTERRUPT                    00000000       0 
.C31                             00000000       0 
.C32                             00000000       0 
.C33                             00000001       0 
.C3X                             00000001       0 
.C3x                             00000001       0 
.C40                             00000000       0 
.C44                             00000000       0 
.C4X                             00000000       0 
.C4x                             00000000       0 
.REGPARM                         00000001       0 
.TMS320C30                       00000001       0 
.TMS320C31                       00000000       0 
.TMS320C32                       00000000       0 
.TMS320C40                       00000000       0 
.TMS320C44                       00000000       0 
.TMS320xx                        00000021       0 
.tms320C30                       00000001       0 
.tms320C31                       00000000       0 
.tms320C32                       00000000       0 
.tms320C40                       00000000       0 
.tms320C44                       00000000       0 
.tms320xx                        00000021       0 
.tmx320C40                       00000000       0 
CL1                              00000000-    602    174    175    194    195 
                                                     615 
CL10                             00000009-    611    436    437 
CL2                              00000001-    603    184    185 
CL3                              00000002-    604    294    295    302    307 
                                                     308 
CL4                              00000003-    605    292    293 
CL5                              00000004-    606    319    320 
CL6                              00000005-    607    330    331 
CL7                              00000006-    608    408    409 
CL8                              00000007-    609    418    419    427 
CL9                              00000008-    610    438    439 
FP                               0000000b       7    447    448    538 
L13                              00000108+    540    412    430 
L7                               00000083+    325    305    311 
_BT                              00000000+     98     59 
_BTCOPY                          00000000+     79     60 
_DINT                            0000000a+    109 
_Exit_to_App                     REF                 621    636 
_INT0                            00000000+     99     74 
_INT1                            00000001+    100     75 
_INT2                            00000002+    101     76 
_INT3                            00000003+    102     77 
_PORT                            REF                 622    625    632 
_Process_UINT                    REF                 617    634 
TMS320C3x/4x COFF AssemblerVersion 5.12     Mon Oct 31 11:29:47 2011
Copyright (c) 1987-1999 Texas Instruments Incorporatedasm30.exe -@_348.AAB 

D:\CCS\EEA_SA_V611beta\BOOT\SOURCE\ASM\isr.asm                       PAGE   15

LABEL                            VALUE       DEFN    REF

_RINT0                           00000005+    104     71 
_TIMER1_COUNTER                  REF                 623    642 
_TINT0                           00000008+    107     72 
_TINT1                           00000009+    108     73 
_TRAPO                           0000001f+    111 
_XINT0                           00000004+    103     70 
_c_INT0                          00000000+    133     65     80    119    120 
                                                     120 
_c_INT1                          REF                  66 
_c_INT2                          REF                  67 
_c_INT3                          REF                  68 
_c_RINT0                         REF                  62 
_c_SPURINT                       00000111+    577     69     81     82     83 
                                                      84     85     86     87 
                                                      90     94     94     94 
                                                      94     94     94     94 
                                                      94     94     94     94 
                                                      94     94     94     94 
                                                      94     94     94     94 
                                                      94     94     94     94 
                                                      94     94     94     94 
                                                      94     99    100    101 
                                                     102    103    104    105 
                                                     106    107    108    109 
                                                     113    113    113    113 
                                                     113    113    113    113 
                                                     113    113    113    113 
                                                     113    113    113    113 
                                                     113    113    113    113 
                                                     113    113    113    113 
                                                     113    113    113    113 
                                                     564    565    565 
_c_TINT0                         0000004e+    253     63     88    239    240 
                                                     240 
_c_TINT1                         000000a3+    386     64     89    373    374 
                                                     374 
_c_XINT0                         REF                  61 
_vect_p1                         REF                 618    640 
_vect_pt1                        REF                 485    490    495    624 
                                                     638 
fp                               0000000b       6    139    140    230    259 
                                                     260    364    392    393 
                                                     555    583    584    591 
